<?xml version="1.0" encoding="UTF-8"?>
<!-- Generated by org.testng.reporters.JUnitXMLReporter -->
<testsuite ignored="0" hostname="Shammis-iMac.local" failures="1" tests="1" name="Surefire test" time="0.045" errors="0" timestamp="2024-11-28T17:40:01 IST">
  <testcase classname="com.Apidemo.apidemo.test.ApidemoTest" name="accesibleIdTest" time="0.018">
    <failure type="java.lang.NullPointerException">
      <![CDATA[java.lang.NullPointerException
at org.openqa.selenium.support.pagefactory.DefaultElementLocator.findElement(DefaultElementLocator.java:70)
at org.openqa.selenium.support.pagefactory.internal.LocatingElementHandler.invoke(LocatingElementHandler.java:39)
at com.sun.proxy.$Proxy8.click(Unknown Source)
at com.Apidemo.apidemo.basepage.ApidemoPage.clickOnAccebleId(ApidemoPage.java:21)
at com.Apidemo.apidemo.test.ApidemoTest.accesibleIdTest(ApidemoTest.java:20)
at java.base/java.util.ArrayList.forEach(ArrayList.java:1541)
... Removed 32 stack frames]]>
    </failure>
  </testcase> <!-- accesibleIdTest -->
</testsuite> <!-- Surefire test -->
